<?xml version="1.0" encoding="UTF-8"?>
<testng-results ignored="0" total="2" passed="2" failed="0" skipped="0">
  <reporter-output>
  </reporter-output>
  <suite started-at="2024-05-02T00:40:54 IST" name="Default suite" finished-at="2024-05-02T00:40:54 IST" duration-ms="60">
    <groups>
    </groups>
    <test started-at="2024-05-02T00:40:54 IST" name="Default test" finished-at="2024-05-02T00:40:54 IST" duration-ms="60">
      <class name="Java_Stream.Java_stream_coding">
        <test-method signature="regular()[pri:0, instance:Java_Stream.Java_stream_coding@3270d194]" started-at="2024-05-02T00:40:54 IST" name="regular" finished-at="2024-05-02T00:40:54 IST" duration-ms="10" status="PASS">
          <reporter-output>
          </reporter-output>
        </test-method> <!-- regular -->
        <test-method signature="streamFilter()[pri:0, instance:Java_Stream.Java_stream_coding@3270d194]" started-at="2024-05-02T00:40:54 IST" name="streamFilter" finished-at="2024-05-02T00:40:54 IST" duration-ms="3" status="PASS">
          <reporter-output>
          </reporter-output>
        </test-method> <!-- streamFilter -->
      </class> <!-- Java_Stream.Java_stream_coding -->
    </test> <!-- Default test -->
  </suite> <!-- Default suite -->
</testng-results>
